\BOOKMARK [0][-]{chapter.1}{ introduction}{}% 1
\BOOKMARK [0][-]{chapter.2}{ aug-reality}{}% 2
\BOOKMARK [1][-]{section.2.1}{Augmented Reality}{chapter.2}% 3
\BOOKMARK [2][-]{subsection.2.1.1}{AR for training and education}{section.2.1}% 4
\BOOKMARK [2][-]{subsection.2.1.2}{AR Challenges}{section.2.1}% 5
\BOOKMARK [1][-]{section.2.2}{Virtual Reality}{chapter.2}% 6
\BOOKMARK [2][-]{subsection.2.2.1}{VR Challenges}{section.2.2}% 7
\BOOKMARK [2][-]{subsection.2.2.2}{VR for education and training}{section.2.2}% 8
\BOOKMARK [1][-]{section.2.3}{Hybrid approaches}{chapter.2}% 9
\BOOKMARK [1][-]{section.2.4}{Simulation training}{chapter.2}% 10
\BOOKMARK [0][-]{chapter.3}{ proj-use-case}{}% 11
\BOOKMARK [1][-]{section.3.1}{Current training approach}{chapter.3}% 12
\BOOKMARK [1][-]{section.3.2}{Future goals}{chapter.3}% 13
\BOOKMARK [1][-]{section.3.3}{Defining the application specifications and requirements}{chapter.3}% 14
\BOOKMARK [1][-]{section.3.4}{CBRNe defense}{chapter.3}% 15
\BOOKMARK [1][-]{section.3.5}{Comparing VR and AR in the project context}{chapter.3}% 16
\BOOKMARK [1][-]{section.3.6}{Selection of mixed reality framework}{chapter.3}% 17
\BOOKMARK [0][-]{chapter.4}{ proj-def}{}% 18
\BOOKMARK [1][-]{section.4.1}{Researching VR hardware and software}{chapter.4}% 19
\BOOKMARK [1][-]{section.4.2}{Game engines}{chapter.4}% 20
\BOOKMARK [1][-]{section.4.3}{Application Objectives}{chapter.4}% 21
\BOOKMARK [1][-]{section.4.4}{Unreal Engine Level}{chapter.4}% 22
\BOOKMARK [2][-]{subsection.4.4.1}{Actors}{section.4.4}% 23
\BOOKMARK [2][-]{subsection.4.4.2}{Blueprints}{section.4.4}% 24
\BOOKMARK [1][-]{section.4.5}{Physics simulation}{chapter.4}% 25
\BOOKMARK [1][-]{section.4.6}{Static and Skeletal Meshes}{chapter.4}% 26
\BOOKMARK [0][-]{chapter.5}{ proj-impl}{}% 27
\BOOKMARK [1][-]{section.5.1}{Project setup}{chapter.5}% 28
\BOOKMARK [1][-]{section.5.2}{Level design}{chapter.5}% 29
\BOOKMARK [1][-]{section.5.3}{Glove calibration and tracking}{chapter.5}% 30
\BOOKMARK [1][-]{section.5.4}{Interacting with the virtual environment}{chapter.5}% 31
\BOOKMARK [2][-]{subsection.5.4.1}{Gloves interaction}{section.5.4}% 32
\BOOKMARK [2][-]{subsection.5.4.2}{VIVE Controllers interaction}{section.5.4}% 33
\BOOKMARK [1][-]{section.5.5}{Virtual hardware layout and operation}{chapter.5}% 34
\BOOKMARK [2][-]{subsection.5.5.1}{Devices and sensors}{section.5.5}% 35
\BOOKMARK [2][-]{subsection.5.5.2}{Wiring devices}{section.5.5}% 36
\BOOKMARK [2][-]{subsection.5.5.3}{Air inlet and outlet tubing}{section.5.5}% 37
\BOOKMARK [1][-]{section.5.6}{Creating a context for training}{chapter.5}% 38
\BOOKMARK [2][-]{subsection.5.6.1}{Tracking progess}{section.5.6}% 39
\BOOKMARK [2][-]{subsection.5.6.2}{Objective instructions}{section.5.6}% 40
\BOOKMARK [2][-]{subsection.5.6.3}{Visualizing events}{section.5.6}% 41
\BOOKMARK [0][-]{chapter.6}{ analysis-mixedr}{}% 42
\BOOKMARK [1][-]{section.6.1}{Future possibilities for development and improvement}{chapter.6}% 43
\BOOKMARK [0][-]{chapter*.24}{REFERENCES}{}% 44
